<?xml version="1.0" encoding="UTF-8"?>
<!-- Generated by org.testng.reporters.JUnitReportReporter -->
<testsuite hostname="LAPTOP-TKD45B3R" failures="0" tests="1" name="tdd.Nissan.test.LandingPageTest" time="17.446" errors="0" timestamp="2023-02-18T20:56:52 EST" skipped="0">
  <testcase classname="tdd.Nissan.test.LandingPageTest" name="Test" time="17.446"/>
  <system-out>
    <![CDATA[[[ChromeDriver: chrome on WINDOWS (d610c270f13c5c53d59994ef8d9f45b8)] -> xpath: (//span[text()='Vehicles'])[1]] ---> has been clicked<br>]]>
  </system-out>
</testsuite> <!-- tdd.Nissan.test.LandingPageTest -->
