<?xml version="1.0" encoding="UTF-8"?>
<!-- Generated by org.testng.reporters.JUnitReportReporter -->
<testsuite hostname="LAPTOP-TKD45B3R" failures="0" tests="1" name="tdd.Nissan.test.GetAquotePageTest" time="22.952" errors="0" timestamp="2023-02-18T17:48:24 EST" skipped="0">
  <testcase classname="tdd.Nissan.test.GetAquotePageTest" name="internetquote1" time="22.952"/>
  <system-out>
    <![CDATA[[[ChromeDriver: chrome on WINDOWS (0fbfe7d9fd465909469fc590ca85d405)] -> xpath: //span[text()='Get Internet Quote']] ---> has been clicked<br>
Validating ---> Actual : *** REQUEST A QUOTE ***. Expected : *** REQUEST A QUOTE ***<br>
Sanjib <--- This value has been passed into ---> [[ChromeDriver: chrome on WINDOWS (0fbfe7d9fd465909469fc590ca85d405)] -> xpath: (//input[@id='textfield_2dac'])[1]]<br>
02587502 <--- This value has been passed into ---> [[ChromeDriver: chrome on WINDOWS (0fbfe7d9fd465909469fc590ca85d405)] -> xpath: //input[@id='textField2']]<br>]]>
  </system-out>
</testsuite> <!-- tdd.Nissan.test.GetAquotePageTest -->
