<?xml version="1.0" encoding="UTF-8"?>
<!-- Generated by org.testng.reporters.JUnitReportReporter -->
<testsuite hostname="LAPTOP-TKD45B3R" failures="0" tests="5" name="tdd.Nissan.InternetQuote.Test.InternetQuoteTest" time="32.573" errors="0" timestamp="2023-03-19T12:38:59 EDT" skipped="4">
  <testcase classname="tdd.Nissan.InternetQuote.Test.InternetQuoteTest" name="internetquote1" time="32.573"/>
  <system-out>
    <![CDATA[[[ChromeDriver: chrome on WINDOWS (aa4ea6bedfef2983ab61e52f182e86d2)] -> xpath: //span[text()='Get Internet Quote']] ---> has been clicked<br>
Validating ---> Actual : *** REQUEST A QUOTE ***. Expected : *** REQUEST A QUOTE ***<br>
Sanjib <--- This value has been passed into ---> [[ChromeDriver: chrome on WINDOWS (aa4ea6bedfef2983ab61e52f182e86d2)] -> xpath: (//input[@id='textfield_2dac'])[1]]<br>
02587502 <--- This value has been passed into ---> [[ChromeDriver: chrome on WINDOWS (aa4ea6bedfef2983ab61e52f182e86d2)] -> xpath: //input[@id='textField2']]<br>]]>
  </system-out>
  <testcase classname="tdd.Nissan.InternetQuote.Test.InternetQuoteTest" name="testRetry">
    <skipped/>
  </testcase> <!-- testRetry -->
  <system-out/>
  <testcase classname="tdd.Nissan.InternetQuote.Test.InternetQuoteTest" name="test1">
    <skipped/>
  </testcase> <!-- test1 -->
  <system-out/>
  <testcase classname="tdd.Nissan.InternetQuote.Test.InternetQuoteTest" name="test2">
    <skipped/>
  </testcase> <!-- test2 -->
  <system-out/>
  <testcase classname="tdd.Nissan.InternetQuote.Test.InternetQuoteTest" name="test3">
    <skipped/>
  </testcase> <!-- test3 -->
  <system-out/>
</testsuite> <!-- tdd.Nissan.InternetQuote.Test.InternetQuoteTest -->
