<?xml version="1.0" encoding="UTF-8"?>
<!-- Generated by org.testng.reporters.JUnitReportReporter -->
<testsuite hostname="LAPTOP-TKD45B3R" failures="0" tests="5" name="tdd.Nissan.Practice.UnitTest" time="0.086" errors="0" timestamp="2023-02-21T01:16:28 EST" skipped="3">
  <testcase classname="tdd.Nissan.Practice.UnitTest" name="folderOps" time="0.010"/>
  <system-out/>
  <testcase classname="tdd.Nissan.Practice.UnitTest" name="timeUnitTest" time="0.076"/>
  <system-out/>
  <testcase classname="tdd.Nissan.Practice.UnitTest" name="unitTestAutoDataZeroLength">
    <skipped/>
  </testcase> <!-- unitTestAutoDataZeroLength -->
  <system-out/>
  <testcase classname="tdd.Nissan.Practice.UnitTest" name="system_getPropertyTest">
    <skipped/>
  </testcase> <!-- system_getPropertyTest -->
  <system-out/>
  <testcase classname="tdd.Nissan.Practice.UnitTest" name="unitTestAutoDataNull">
    <skipped/>
  </testcase> <!-- unitTestAutoDataNull -->
  <system-out/>
</testsuite> <!-- tdd.Nissan.Practice.UnitTest -->
