<?xml version="1.0" encoding="UTF-8"?>
<!-- Generated by org.testng.reporters.JUnitReportReporter -->
<testsuite hostname="LAPTOP-TKD45B3R" failures="0" tests="2" name="tdd.Nissan.Practice.LinearScriptingTest" time="6.153" errors="0" timestamp="2023-02-12T00:13:36 EST" skipped="1">
  <testcase classname="tdd.Nissan.Practice.LinearScriptingTest" name="clickVehicleTest" time="6.153"/>
  <system-out>
    <![CDATA[[[ChromeDriver: chrome on WINDOWS (7a34b8e048a1c735e0303257bbe00534)] -> xpath: (//span[text()='Vehicles'])[1]] ---> has been clicked<br>]]>
  </system-out>
  <testcase classname="tdd.Nissan.Practice.LinearScriptingTest" name="use_of_getTitle_method_in_home_page">
    <skipped/>
  </testcase> <!-- use_of_getTitle_method_in_home_page -->
  <system-out/>
</testsuite> <!-- tdd.Nissan.Practice.LinearScriptingTest -->
